[debug] [2020-06-03T18:25:55.856Z] ----------------------------------------------------------------------
[debug] [2020-06-03T18:25:55.859Z] Command:       C:\Program Files\nodejs\node.exe C:\Users\haris ali\AppData\Roaming\npm\node_modules\firebase-tools\lib\bin\firebase.js deploy
[debug] [2020-06-03T18:25:55.860Z] CLI Version:   8.4.1
[debug] [2020-06-03T18:25:55.860Z] Platform:      win32
[debug] [2020-06-03T18:25:55.860Z] Node Version:  v10.16.0
[debug] [2020-06-03T18:25:55.861Z] Time:          Wed Jun 03 2020 23:25:55 GMT+0500 (Pakistan Standard Time)
[debug] [2020-06-03T18:25:55.862Z] ----------------------------------------------------------------------
[debug] [2020-06-03T18:25:55.862Z] 
[warn] !  "firebase" key in firebase.json is deprecated. Run firebase use --add instead 
[debug] [2020-06-03T18:25:55.880Z] > command requires scopes: ["email","openid","https://www.googleapis.com/auth/cloudplatformprojects.readonly","https://www.googleapis.com/auth/firebase","https://www.googleapis.com/auth/cloud-platform"]
[debug] [2020-06-03T18:25:55.882Z] > authorizing via signed-in user
[debug] [2020-06-03T18:25:55.883Z] [iam] checking project angulartest-71823 for permissions ["firebase.projects.get","firebasehosting.sites.update"]
[debug] [2020-06-03T18:25:55.887Z] >>> HTTP REQUEST POST https://cloudresourcemanager.googleapis.com/v1/projects/angulartest-71823:testIamPermissions  
 {"permissions":["firebase.projects.get","firebasehosting.sites.update"]}
[debug] [2020-06-03T18:25:55.985Z] [iam] error while checking permissions, command may fail: FirebaseError: Server Error. getaddrinfo ENOTFOUND cloudresourcemanager.googleapis.com cloudresourcemanager.googleapis.com:443
[debug] [2020-06-03T18:25:55.988Z] >>> HTTP REQUEST GET https://firebase.googleapis.com/v1beta1/projects/angulartest-71823  
 
[debug] [2020-06-03T18:25:55.998Z] Server Error. getaddrinfo ENOTFOUND firebase.googleapis.com firebase.googleapis.com:443
[debug] [2020-06-03T18:25:56.008Z] FirebaseError: Server Error. getaddrinfo ENOTFOUND firebase.googleapis.com firebase.googleapis.com:443
    at Request._callback (C:\Users\haris ali\AppData\Roaming\npm\node_modules\firebase-tools\lib\api.js:32:31)
    at self.callback (C:\Users\haris ali\AppData\Roaming\npm\node_modules\firebase-tools\node_modules\request\request.js:185:22)
    at Request.emit (events.js:198:13)
    at Request.EventEmitter.emit (domain.js:448:20)
    at Request.onRequestError (C:\Users\haris ali\AppData\Roaming\npm\node_modules\firebase-tools\node_modules\request\request.js:877:8)
    at ClientRequest.emit (events.js:203:15)
    at ClientRequest.EventEmitter.emit (domain.js:448:20)
    at TLSSocket.socketErrorListener (_http_client.js:392:9)
    at TLSSocket.emit (events.js:198:13)
    at TLSSocket.EventEmitter.emit (domain.js:448:20)
    at emitErrorNT (internal/streams/destroy.js:91:8)
    at emitErrorAndCloseNT (internal/streams/destroy.js:59:3)
    at process._tickCallback (internal/process/next_tick.js:63:19)
[error] 
[error] Error: Failed to get Firebase project angulartest-71823. Please make sure the project exists and your account has permission to access it.
